<?xml version="1.0" encoding="UTF-8" ?>
<testsuite tests="21" failures="0" name="ch.heigvd.amt.uat.fluentlenium.GamificationFluentTest" time="227.323" errors="0" skipped="0">
  <properties>
[...]
</properties>
  <testcase classname="ch.heigvd.amt.uat.fluentlenium.GamificationFluentTest" name="itShouldNotBePossibleToSignUpWithAnPasswordSmallerThan8Character" time="16.762"/>
  <testcase classname="ch.heigvd.amt.uat.fluentlenium.GamificationFluentTest" name="itShouldNotBePossibleToCreateAnAccountWithEmailWhitchAlreadyExists" time="9.057"/>
  <testcase classname="ch.heigvd.amt.uat.fluentlenium.GamificationFluentTest" name="itShouldNotBePossibleToSigninWithAnInvalidEmail" time="8.965"/>
  <testcase classname="ch.heigvd.amt.uat.fluentlenium.GamificationFluentTest" name="itShouldBePossibleToAccessYourAppByClickApp" time="11.368"/>
  <testcase classname="ch.heigvd.amt.uat.fluentlenium.GamificationFluentTest" name="itShouldBePossibleToSigninWithAnvalidEmail" time="10.426"/>
  <testcase classname="ch.heigvd.amt.uat.fluentlenium.GamificationFluentTest" name="itShouldBePossibleToAccessRegistrationPagesWithClickSurCreateAccountButton" time="7.339"/>
  <testcase classname="ch.heigvd.amt.uat.fluentlenium.GamificationFluentTest" name="itShouldBeNotPossibleToAccessSecurePagesWithoutLogin" time="6.789"/>
  <testcase classname="ch.heigvd.amt.uat.fluentlenium.GamificationFluentTest" name="itShouldAllowTheUsersToRegisterNewApplication" time="9.229"/>
  <testcase classname="ch.heigvd.amt.uat.fluentlenium.GamificationFluentTest" name="itShouldBePossibleForUserToEditHisAccount" time="14.037"/>
  <testcase classname="ch.heigvd.amt.uat.fluentlenium.GamificationFluentTest" name="itShouldBePossibleToLogoutWithClickLogoutButton" time="16.128"/>
  <testcase classname="ch.heigvd.amt.uat.fluentlenium.GamificationFluentTest" name="itShouldNotBePossibleToRegisterAnApplicationWhitchAlreadyExists" time="13.531"/>
  <testcase classname="ch.heigvd.amt.uat.fluentlenium.GamificationFluentTest" name="itShouldNotBeSaveTheEditionOnAccountByTheUserUserByClickCancelButton" time="14.2"/>
  <testcase classname="ch.heigvd.amt.uat.fluentlenium.GamificationFluentTest" name="itShouldBePossibleToNotSaveTheEditionInTheNamePartByClickCancelButton" time="11.301"/>
  <testcase classname="ch.heigvd.amt.uat.fluentlenium.GamificationFluentTest" name="itShouldBePossibleToAccessYourAppsPagesWithCreateAnAccount" time="10.953"/>
  <testcase classname="ch.heigvd.amt.uat.fluentlenium.GamificationFluentTest" name="itShouldBePossibleToAccessTheListOfUserOfApplication" time="9.168"/>
  <testcase classname="ch.heigvd.amt.uat.fluentlenium.GamificationFluentTest" name="itShouldNotBePossibleToSignUpWithAnInvalidEmail" time="8.11"/>
  <testcase classname="ch.heigvd.amt.uat.fluentlenium.GamificationFluentTest" name="itShouldBePossibleToRegisterNewAppWithSubmitNecessaryInformations" time="9.623"/>
  <testcase classname="ch.heigvd.amt.uat.fluentlenium.GamificationFluentTest" name="itShouldNotBePossibleToSignUpIfThePasswordAndConfirmPasswordAreNotIdentical" time="8.234"/>
  <testcase classname="ch.heigvd.amt.uat.fluentlenium.GamificationFluentTest" name="itShouldBePossibleToNotSaveTheEditionInTheDescriptionPartByClickCancelButton" time="9.345"/>
  <testcase classname="ch.heigvd.amt.uat.fluentlenium.GamificationFluentTest" name="itShouldBePossibleToEditTheNameOfApplicationByClickEditButton" time="12.167"/>
  <testcase classname="ch.heigvd.amt.uat.fluentlenium.GamificationFluentTest" name="itShouldBePossibleToEditTheDescriptionOfAccountByClickEditButton" time="10.489"/>
</testsuite>