<?xml version="1.0" encoding="UTF-8" ?>
<<<<<<< HEAD
<testsuite tests="19" failures="0" name="ch.heigvd.amt.uat.fluentlenium.GamificationFluentTest" time="166.187" errors="0" skipped="0">
=======
<testsuite tests="13" failures="2" name="ch.heigvd.amt.uat.fluentlenium.GamificationFluentTest" time="72.472" errors="0" skipped="0">
>>>>>>> d1ca903fa946d765bd27b40aef71c0f758667279
  <properties>
    <property name="java.runtime.name" value="Java(TM) SE Runtime Environment"/>
    <property name="sun.boot.library.path" value="C:\Program Files\Java\jdk1.8.0_45\jre\bin"/>
    <property name="java.vm.version" value="25.45-b02"/>
    <property name="java.vm.vendor" value="Oracle Corporation"/>
    <property name="java.vendor.url" value="http://java.oracle.com/"/>
    <property name="path.separator" value=";"/>
    <property name="guice.disable.misplaced.annotation.check" value="true"/>
    <property name="java.vm.name" value="Java HotSpot(TM) 64-Bit Server VM"/>
    <property name="file.encoding.pkg" value="sun.io"/>
    <property name="user.script" value=""/>
    <property name="user.country" value="CH"/>
    <property name="sun.java.launcher" value="SUN_STANDARD"/>
    <property name="sun.os.patch.level" value=""/>
<<<<<<< HEAD
    <property name="test" value="ch.heigvd.amt.uat.fluentlenium.GamificationFluentTest"/>
=======
>>>>>>> d1ca903fa946d765bd27b40aef71c0f758667279
    <property name="java.vm.specification.name" value="Java Virtual Machine Specification"/>
    <property name="user.dir" value="D:\HEIG-VD\Semestre 5\AMT - Applications multi-tiers\Teaching-HEIGVD-AMT-2015-Project\GamificationProjectTest"/>
    <property name="java.runtime.version" value="1.8.0_45-b15"/>
    <property name="java.awt.graphicsenv" value="sun.awt.Win32GraphicsEnvironment"/>
    <property name="java.endorsed.dirs" value="C:\Program Files\Java\jdk1.8.0_45\jre\lib\endorsed"/>
    <property name="os.arch" value="amd64"/>
    <property name="java.io.tmpdir" value="C:\Users\RAPHAL~1\AppData\Local\Temp\"/>
    <property name="line.separator" value="
"/>
    <property name="java.vm.specification.vendor" value="Oracle Corporation"/>
    <property name="user.variant" value=""/>
    <property name="os.name" value="Windows 8.1"/>
    <property name="maven.ext.class.path" value="C:\Program Files\NetBeans 8.0.2\java\maven-nblib\netbeans-eventspy.jar"/>
    <property name="classworlds.conf" value="C:\Program Files\NetBeans 8.0.2\java\maven\bin\m2.conf"/>
    <property name="sun.jnu.encoding" value="Cp1252"/>
    <property name="java.library.path" value="C:\Program Files\Java\jdk1.8.0_45\bin;C:\WINDOWS\Sun\Java\bin;C:\WINDOWS\system32;C:\WINDOWS;C:\ProgramData\Oracle\Java\javapath;C:\Program Files (x86)\EasyPHP-DevServer-13.1VC9\binaries\php\php_runningversion;C:\Program Files (x86)\Intel\iCLS Client\;C:\Program Files\Intel\iCLS Client\;C:\Program Files (x86)\NVIDIA Corporation\PhysX\Common;C:\Windows\system32;C:\Windows;C:\Windows\System32\Wbem;C:\Windows\System32\WindowsPowerShell\v1.0\;C:\Program Files (x86)\Windows Live\Shared;C:\Program Files (x86)\Intel\OpenCL SDK\2.0\bin\x86;C:\Program Files (x86)\Intel\OpenCL SDK\2.0\bin\x64;C:\Program Files\Intel\Intel(R) Management Engine Components\DAL;C:\Program Files\Intel\Intel(R) Management Engine Components\IPT;C:\Program Files (x86)\Intel\Intel(R) Management Engine Components\DAL;C:\Program Files (x86)\Intel\Intel(R) Management Engine Components\IPT;C:\Program Files\Diskeeper Corporation\ExpressCache\;C:\MinGW\bin;C:\MinGW\msys\1.0\bin;C:\Program Files\Intel\WiFi\bin\;C:\Program Files\Common Files\Intel\WirelessCommon\;C:\winarm_reds\bin;C:\winarm_reds\utils\bin;C:\Program Files (x86)\MiKTeX 2.9\miktex\bin\;C:\Program Files\Java\jdk1.8.0_20\bin\;C:\WINDOWS\system32;C:\WINDOWS;C:\WINDOWS\System32\Wbem;C:\WINDOWS\System32\WindowsPowerShell\v1.0\;C:\Program Files\apache-maven-3.2.5\bin;C:\HashiCorp\Vagrant\bin;C:\Program Files\MySQL\MySQL Server 5.6\bin;C:\Program Files (x86)\Heroku\bin;C:\Program Files (x86)\git\cmd;C:\Program Files (x86)\Skype\Phone\;C:\Program Files\nodejs\;C:\Users\raphaelracineRES\AppData\Roaming\npm\;C:\Program Files\MongoDB\Server\3.0\bin;C:\Program Files (x86)\MySQL\MySQL Fabric 1.5.4 &amp; MySQL Utilities 1.5.4 1.5\;C:\Program Files (x86)\MySQL\MySQL Fabric 1.5.4 &amp; MySQL Utilities 1.5.4 1.5\Doctrine extensions for PHP\;C:\Program Files (x86)\Brackets\command;C:\Users\Raphaël Racine\AppData\Roaming\npm;C:\Program Files\MongoDB\Server\3.0\bin;C:\ffprobe;."/>
    <property name="java.specification.name" value="Java Platform API Specification"/>
    <property name="java.class.version" value="52.0"/>
    <property name="sun.management.compiler" value="HotSpot 64-Bit Tiered Compilers"/>
    <property name="os.version" value="6.3"/>
    <property name="user.home" value="C:\Users\Raphaël Racine"/>
    <property name="user.timezone" value="Europe/Paris"/>
    <property name="java.awt.printerjob" value="sun.awt.windows.WPrinterJob"/>
    <property name="java.specification.version" value="1.8"/>
    <property name="file.encoding" value="UTF-8"/>
    <property name="user.name" value="Raphaël Racine"/>
    <property name="java.class.path" value="C:\Program Files\NetBeans 8.0.2\java\maven\boot\plexus-classworlds-2.4.jar"/>
    <property name="java.vm.specification.version" value="1.8"/>
    <property name="sun.arch.data.model" value="64"/>
<<<<<<< HEAD
    <property name="java.home" value="C:\Program Files\Java\jdk1.8.0_20\jre"/>
    <property name="sun.java.command" value="org.codehaus.plexus.classworlds.launcher.Launcher -Dtest=ch.heigvd.amt.uat.fluentlenium.GamificationFluentTest -Dmaven.ext.class.path=C:\Program Files\NetBeans 8.0.2\java\maven-nblib\netbeans-eventspy.jar -Dfile.encoding=UTF-8 surefire:test"/>
=======
    <property name="java.home" value="C:\Program Files\Java\jdk1.8.0_45\jre"/>
    <property name="sun.java.command" value="org.codehaus.plexus.classworlds.launcher.Launcher -Dmaven.ext.class.path=C:\Program Files\NetBeans 8.0.2\java\maven-nblib\netbeans-eventspy.jar -Dfile.encoding=UTF-8 test"/>
>>>>>>> d1ca903fa946d765bd27b40aef71c0f758667279
    <property name="java.specification.vendor" value="Oracle Corporation"/>
    <property name="user.language" value="fr"/>
    <property name="awt.toolkit" value="sun.awt.windows.WToolkit"/>
    <property name="java.vm.info" value="mixed mode"/>
    <property name="java.version" value="1.8.0_45"/>
    <property name="java.ext.dirs" value="C:\Program Files\Java\jdk1.8.0_45\jre\lib\ext;C:\WINDOWS\Sun\Java\lib\ext"/>
    <property name="sun.boot.class.path" value="C:\Program Files\Java\jdk1.8.0_45\jre\lib\resources.jar;C:\Program Files\Java\jdk1.8.0_45\jre\lib\rt.jar;C:\Program Files\Java\jdk1.8.0_45\jre\lib\sunrsasign.jar;C:\Program Files\Java\jdk1.8.0_45\jre\lib\jsse.jar;C:\Program Files\Java\jdk1.8.0_45\jre\lib\jce.jar;C:\Program Files\Java\jdk1.8.0_45\jre\lib\charsets.jar;C:\Program Files\Java\jdk1.8.0_45\jre\lib\jfr.jar;C:\Program Files\Java\jdk1.8.0_45\jre\classes"/>
    <property name="java.vendor" value="Oracle Corporation"/>
    <property name="maven.home" value="C:\Program Files\NetBeans 8.0.2\java\maven"/>
    <property name="file.separator" value="\"/>
    <property name="java.vendor.url.bug" value="http://bugreport.sun.com/bugreport/"/>
    <property name="sun.cpu.endian" value="little"/>
    <property name="sun.io.unicode.encoding" value="UnicodeLittle"/>
    <property name="sun.desktop" value="windows"/>
    <property name="sun.cpu.isalist" value="amd64"/>
  </properties>
<<<<<<< HEAD
  <testcase classname="ch.heigvd.amt.uat.fluentlenium.GamificationFluentTest" name="itShouldNotBePossibleToSignUpWithAnPasswordSmallerThan8Character" time="11.961"/>
  <testcase classname="ch.heigvd.amt.uat.fluentlenium.GamificationFluentTest" name="itShouldNotBePossibleToCreateAnAccountWithEmailWhitchAlreadyExists" time="8.495"/>
  <testcase classname="ch.heigvd.amt.uat.fluentlenium.GamificationFluentTest" name="itShouldNotBePossibleToSigninWithAnInvalidEmail" time="7.089"/>
  <testcase classname="ch.heigvd.amt.uat.fluentlenium.GamificationFluentTest" name="itShouldBePossibleToAccessYourAppByClickApp" time="9.287"/>
  <testcase classname="ch.heigvd.amt.uat.fluentlenium.GamificationFluentTest" name="itShouldBePossibleToSigninWithAnvalidEmail" time="8.277"/>
  <testcase classname="ch.heigvd.amt.uat.fluentlenium.GamificationFluentTest" name="itShouldBePossibleToAccessRegistrationPagesWithClickSurCreateAccountButton" time="6.309"/>
  <testcase classname="ch.heigvd.amt.uat.fluentlenium.GamificationFluentTest" name="itShouldBeNotPossibleToAccessSecurePagesWithoutLogin" time="6.396"/>
  <testcase classname="ch.heigvd.amt.uat.fluentlenium.GamificationFluentTest" name="itShouldAllowTheUsersToRegisterNewApplication" time="8.559"/>
  <testcase classname="ch.heigvd.amt.uat.fluentlenium.GamificationFluentTest" name="itShouldBePossibleForUserToEditHisAccount" time="10.623"/>
  <testcase classname="ch.heigvd.amt.uat.fluentlenium.GamificationFluentTest" name="itShouldBePossibleToLogoutWithClickLogoutButton" time="7.903"/>
  <testcase classname="ch.heigvd.amt.uat.fluentlenium.GamificationFluentTest" name="itShouldNotBePossibleToRegisterAnApplicationWhitchAlreadyExists" time="9.267"/>
  <testcase classname="ch.heigvd.amt.uat.fluentlenium.GamificationFluentTest" name="itShouldNotBeSaveTheEditionOnAccountByTheUserUserByClickCancelButton" time="9.272"/>
  <testcase classname="ch.heigvd.amt.uat.fluentlenium.GamificationFluentTest" name="itShouldBePossibleToNotSaveTheEditionInTheNamePartByClickCancelButton" time="9.011"/>
  <testcase classname="ch.heigvd.amt.uat.fluentlenium.GamificationFluentTest" name="itShouldBePossibleToAccessYourAppsPagesWithCreateAnAccount" time="8.666"/>
  <testcase classname="ch.heigvd.amt.uat.fluentlenium.GamificationFluentTest" name="itShouldBePossibleToEditTheDescriptionOfAccountByClickResisterButton" time="9.113"/>
  <testcase classname="ch.heigvd.amt.uat.fluentlenium.GamificationFluentTest" name="itShouldBePossibleToEditTheNameOfApplicationByClickResiterButton" time="9.876"/>
  <testcase classname="ch.heigvd.amt.uat.fluentlenium.GamificationFluentTest" name="itShouldNotBePossibleToSignUpWithAnInvalidEmail" time="8.275"/>
  <testcase classname="ch.heigvd.amt.uat.fluentlenium.GamificationFluentTest" name="itShouldBePossibleToRegisterNewAppWithSubmitNecessaryInformations" time="8.73"/>
  <testcase classname="ch.heigvd.amt.uat.fluentlenium.GamificationFluentTest" name="itShouldBePossibleToNotSaveTheEditionInTheDescriptionPartByClickCancelButton" time="8.968"/>
=======
  <testcase classname="ch.heigvd.amt.uat.fluentlenium.GamificationFluentTest" name="itShouldNotBePossibleToSignUpWithAnPasswordSmallerThan8Character" time="6.614"/>
  <testcase classname="ch.heigvd.amt.uat.fluentlenium.GamificationFluentTest" name="itShouldNotBePossibleToCreateAnAccountWithEmailWhitchAlreadyExists" time="5.588"/>
  <testcase classname="ch.heigvd.amt.uat.fluentlenium.GamificationFluentTest" name="itShouldNotBePossibleToSigninWithAnInvalidEmail" time="4.881"/>
  <testcase classname="ch.heigvd.amt.uat.fluentlenium.GamificationFluentTest" name="itShouldBePossibleToSigninWithAnvalidEmail" time="4.981"/>
  <testcase classname="ch.heigvd.amt.uat.fluentlenium.GamificationFluentTest" name="itShouldBePossibleToAccessRegistrationPagesWithClickSurCreateAccountButton" time="4.445"/>
  <testcase classname="ch.heigvd.amt.uat.fluentlenium.GamificationFluentTest" name="itShouldBePossibleToEditAnApplication" time="5.338"/>
  <testcase classname="ch.heigvd.amt.uat.fluentlenium.GamificationFluentTest" name="itShouldBeNotPossibleToAccessSecurePagesWithoutLogin" time="5.249"/>
  <testcase classname="ch.heigvd.amt.uat.fluentlenium.GamificationFluentTest" name="itShouldAllowTheUsersToRegisterNewApplication" time="6.67"/>
  <testcase classname="ch.heigvd.amt.uat.fluentlenium.GamificationFluentTest" name="itShouldBePossibleToLogoutWithClickLogoutButton" time="5.242"/>
  <testcase classname="ch.heigvd.amt.uat.fluentlenium.GamificationFluentTest" name="itShouldNotBePossibleToRegisterAnApplicationWhitchAlreadyExists" time="6.228"/>
  <testcase classname="ch.heigvd.amt.uat.fluentlenium.GamificationFluentTest" name="itShouldBePossibleToAccessYourAppsPagesWithCreateAnAccount" time="6.174">
    <failure message="expected:&lt;&quot;[Your Apps]&quot;&gt; but was:&lt;&quot;[Registration Page]&quot;&gt;" type="org.junit.ComparisonFailure">org.junit.ComparisonFailure: expected:&lt;&quot;[Your Apps]&quot;&gt; but was:&lt;&quot;[Registration Page]&quot;&gt;
	at sun.reflect.NativeConstructorAccessorImpl.newInstance0(Native Method)
	at sun.reflect.NativeConstructorAccessorImpl.newInstance(NativeConstructorAccessorImpl.java:62)
	at sun.reflect.DelegatingConstructorAccessorImpl.newInstance(DelegatingConstructorAccessorImpl.java:45)
	at ch.heigvd.amt.uat.fluentlenium.pages.ApplicationsOfAnAccountFluentPage.isAt(ApplicationsOfAnAccountFluentPage.java:22)
	at ch.heigvd.amt.uat.fluentlenium.GamificationFluentTest.itShouldBePossibleToAccessYourAppsPagesWithCreateAnAccount(GamificationFluentTest.java:111)
	at sun.reflect.NativeMethodAccessorImpl.invoke0(Native Method)
	at sun.reflect.NativeMethodAccessorImpl.invoke(NativeMethodAccessorImpl.java:62)
	at sun.reflect.DelegatingMethodAccessorImpl.invoke(DelegatingMethodAccessorImpl.java:43)
	at java.lang.reflect.Method.invoke(Method.java:497)
	at org.junit.runners.model.FrameworkMethod$1.runReflectiveCall(FrameworkMethod.java:50)
	at org.junit.internal.runners.model.ReflectiveCallable.run(ReflectiveCallable.java:12)
	at org.junit.runners.model.FrameworkMethod.invokeExplosively(FrameworkMethod.java:47)
	at org.junit.internal.runners.statements.InvokeMethod.evaluate(InvokeMethod.java:17)
	at org.junit.internal.runners.statements.RunAfters.evaluate(RunAfters.java:27)
	at org.junit.rules.TestWatcher$1.evaluate(TestWatcher.java:55)
	at org.junit.rules.TestWatcher$1.evaluate(TestWatcher.java:55)
	at org.junit.rules.RunRules.evaluate(RunRules.java:20)
	at org.junit.runners.ParentRunner.runLeaf(ParentRunner.java:325)
	at org.junit.runners.BlockJUnit4ClassRunner.runChild(BlockJUnit4ClassRunner.java:78)
	at org.junit.runners.BlockJUnit4ClassRunner.runChild(BlockJUnit4ClassRunner.java:57)
	at org.junit.runners.ParentRunner$3.run(ParentRunner.java:290)
	at org.junit.runners.ParentRunner$1.schedule(ParentRunner.java:71)
	at org.junit.runners.ParentRunner.runChildren(ParentRunner.java:288)
	at org.junit.runners.ParentRunner.access$000(ParentRunner.java:58)
	at org.junit.runners.ParentRunner$2.evaluate(ParentRunner.java:268)
	at org.junit.internal.runners.statements.RunAfters.evaluate(RunAfters.java:27)
	at org.junit.runners.ParentRunner.run(ParentRunner.java:363)
	at org.apache.maven.surefire.junit4.JUnit4TestSet.execute(JUnit4TestSet.java:53)
	at org.apache.maven.surefire.junit4.JUnit4Provider.executeTestSet(JUnit4Provider.java:123)
	at org.apache.maven.surefire.junit4.JUnit4Provider.invoke(JUnit4Provider.java:104)
	at sun.reflect.NativeMethodAccessorImpl.invoke0(Native Method)
	at sun.reflect.NativeMethodAccessorImpl.invoke(NativeMethodAccessorImpl.java:62)
	at sun.reflect.DelegatingMethodAccessorImpl.invoke(DelegatingMethodAccessorImpl.java:43)
	at java.lang.reflect.Method.invoke(Method.java:497)
	at org.apache.maven.surefire.util.ReflectionUtils.invokeMethodWithArray(ReflectionUtils.java:164)
	at org.apache.maven.surefire.booter.ProviderFactory$ProviderProxy.invoke(ProviderFactory.java:110)
	at org.apache.maven.surefire.booter.SurefireStarter.invokeProvider(SurefireStarter.java:175)
	at org.apache.maven.surefire.booter.SurefireStarter.runSuitesInProcessWhenForked(SurefireStarter.java:107)
	at org.apache.maven.surefire.booter.ForkedBooter.main(ForkedBooter.java:68)
</failure>
  </testcase>
  <testcase classname="ch.heigvd.amt.uat.fluentlenium.GamificationFluentTest" name="itShouldNotBePossibleToSignUpWithAnInvalidEmail" time="5.057"/>
  <testcase classname="ch.heigvd.amt.uat.fluentlenium.GamificationFluentTest" name="itShouldBePossibleToRegisterNewAppWithSubmitNecessaryInformations" time="5.927">
    <failure message="expected:&lt;&quot;[Your Apps]&quot;&gt; but was:&lt;&quot;[Register New App]&quot;&gt;" type="org.junit.ComparisonFailure">org.junit.ComparisonFailure: expected:&lt;&quot;[Your Apps]&quot;&gt; but was:&lt;&quot;[Register New App]&quot;&gt;
	at sun.reflect.NativeConstructorAccessorImpl.newInstance0(Native Method)
	at sun.reflect.NativeConstructorAccessorImpl.newInstance(NativeConstructorAccessorImpl.java:62)
	at sun.reflect.DelegatingConstructorAccessorImpl.newInstance(DelegatingConstructorAccessorImpl.java:45)
	at ch.heigvd.amt.uat.fluentlenium.pages.ApplicationsOfAnAccountFluentPage.isAt(ApplicationsOfAnAccountFluentPage.java:22)
	at ch.heigvd.amt.uat.fluentlenium.GamificationFluentTest.itShouldBePossibleToRegisterNewAppWithSubmitNecessaryInformations(GamificationFluentTest.java:158)
	at sun.reflect.NativeMethodAccessorImpl.invoke0(Native Method)
	at sun.reflect.NativeMethodAccessorImpl.invoke(NativeMethodAccessorImpl.java:62)
	at sun.reflect.DelegatingMethodAccessorImpl.invoke(DelegatingMethodAccessorImpl.java:43)
	at java.lang.reflect.Method.invoke(Method.java:497)
	at org.junit.runners.model.FrameworkMethod$1.runReflectiveCall(FrameworkMethod.java:50)
	at org.junit.internal.runners.model.ReflectiveCallable.run(ReflectiveCallable.java:12)
	at org.junit.runners.model.FrameworkMethod.invokeExplosively(FrameworkMethod.java:47)
	at org.junit.internal.runners.statements.InvokeMethod.evaluate(InvokeMethod.java:17)
	at org.junit.internal.runners.statements.RunAfters.evaluate(RunAfters.java:27)
	at org.junit.rules.TestWatcher$1.evaluate(TestWatcher.java:55)
	at org.junit.rules.TestWatcher$1.evaluate(TestWatcher.java:55)
	at org.junit.rules.RunRules.evaluate(RunRules.java:20)
	at org.junit.runners.ParentRunner.runLeaf(ParentRunner.java:325)
	at org.junit.runners.BlockJUnit4ClassRunner.runChild(BlockJUnit4ClassRunner.java:78)
	at org.junit.runners.BlockJUnit4ClassRunner.runChild(BlockJUnit4ClassRunner.java:57)
	at org.junit.runners.ParentRunner$3.run(ParentRunner.java:290)
	at org.junit.runners.ParentRunner$1.schedule(ParentRunner.java:71)
	at org.junit.runners.ParentRunner.runChildren(ParentRunner.java:288)
	at org.junit.runners.ParentRunner.access$000(ParentRunner.java:58)
	at org.junit.runners.ParentRunner$2.evaluate(ParentRunner.java:268)
	at org.junit.internal.runners.statements.RunAfters.evaluate(RunAfters.java:27)
	at org.junit.runners.ParentRunner.run(ParentRunner.java:363)
	at org.apache.maven.surefire.junit4.JUnit4TestSet.execute(JUnit4TestSet.java:53)
	at org.apache.maven.surefire.junit4.JUnit4Provider.executeTestSet(JUnit4Provider.java:123)
	at org.apache.maven.surefire.junit4.JUnit4Provider.invoke(JUnit4Provider.java:104)
	at sun.reflect.NativeMethodAccessorImpl.invoke0(Native Method)
	at sun.reflect.NativeMethodAccessorImpl.invoke(NativeMethodAccessorImpl.java:62)
	at sun.reflect.DelegatingMethodAccessorImpl.invoke(DelegatingMethodAccessorImpl.java:43)
	at java.lang.reflect.Method.invoke(Method.java:497)
	at org.apache.maven.surefire.util.ReflectionUtils.invokeMethodWithArray(ReflectionUtils.java:164)
	at org.apache.maven.surefire.booter.ProviderFactory$ProviderProxy.invoke(ProviderFactory.java:110)
	at org.apache.maven.surefire.booter.SurefireStarter.invokeProvider(SurefireStarter.java:175)
	at org.apache.maven.surefire.booter.SurefireStarter.runSuitesInProcessWhenForked(SurefireStarter.java:107)
	at org.apache.maven.surefire.booter.ForkedBooter.main(ForkedBooter.java:68)
</failure>
  </testcase>
>>>>>>> d1ca903fa946d765bd27b40aef71c0f758667279
</testsuite>